<?xml version="1.0" encoding="UTF-8"?>
<!-- Generated by org.testng.reporters.JUnitReportReporter -->
<testsuite hostname="lvsongs-MacBook-Pro.local" name="CalculatorTest" tests="4" failures="0" timestamp="16 Jun 2015 13:29:32 GMT" time="0.018" errors="0">
  <testcase name="addTest2" time="0.000" classname="CalculatorTest"/>
  <testcase name="addTest" time="0.000" classname="CalculatorTest"/>
  <testcase name="addTest" time="0.009" classname="CalculatorTest"/>
  <testcase name="addTest2" time="0.009" classname="CalculatorTest"/>
</testsuite> <!-- CalculatorTest -->
