<?xml version="1.0" encoding="UTF-8"?>
<!-- Generated by org.testng.reporters.JUnitReportReporter -->
<testsuite hostname="lvsongs-MacBook-Pro.local" name="testcase.SuperTest" tests="1" failures="0" timestamp="17 Jun 2015 09:26:50 GMT" time="8.563" errors="0">
  <testcase name="browser" time="8.563" classname="testcase.SuperTest"/>
</testsuite> <!-- testcase.SuperTest -->
