<?xml version="1.0" encoding="UTF-8"?>
<!-- Generated by org.testng.reporters.JUnitReportReporter -->
<testsuite hostname="lvsongs-MacBook-Pro.local" name="testcase.BaseTest" tests="2" failures="0" timestamp="19 Jun 2015 06:03:52 GMT" time="28.378" errors="0">
  <testcase name="testCase" time="12.113" classname="testcase.BaseTest"/>
  <testcase name="testCase" time="16.265" classname="testcase.BaseTest"/>
</testsuite> <!-- testcase.BaseTest -->
